This is pdfTeX, Version 3.14159265-2.6-1.40.20 (MiKTeX 2.9.7140 64-bit) (preloaded format=pdflatex 2019.9.27)  12 JUN 2022 21:03
entering extended mode
**"./Project Spearhead Modelling and Control.tex"
("Project Spearhead Modelling and Control.tex"
LaTeX2e <2018-12-01>
("C:\Program Files\MiKTeX 2.9\tex/latex/base\report.cls"
Document Class: report 2018/09/03 v1.4i Standard LaTeX document class
("C:\Program Files\MiKTeX 2.9\tex/latex/base\size12.clo"
File: size12.clo 2018/09/03 v1.4i Standard LaTeX file (size option)
)
\c@part=\count80
\c@chapter=\count81
\c@section=\count82
\c@subsection=\count83
\c@subsubsection=\count84
\c@paragraph=\count85
\c@subparagraph=\count86
\c@figure=\count87
\c@table=\count88
\abovecaptionskip=\skip41
\belowcaptionskip=\skip42
\bibindent=\dimen102
)
("C:\Program Files\MiKTeX 2.9\tex/latex/geometry\geometry.sty"
Package: geometry 2018/04/16 v5.8 Page Geometry

("C:\Program Files\MiKTeX 2.9\tex/latex/graphics\keyval.sty"
Package: keyval 2014/10/28 v1.15 key=value parser (DPC)
\KV@toks@=\toks14
)
("C:\Program Files\MiKTeX 2.9\tex/generic/oberdiek\ifpdf.sty"
Package: ifpdf 2018/09/07 v3.3 Provides the ifpdf switch
)
("C:\Program Files\MiKTeX 2.9\tex/generic/oberdiek\ifvtex.sty"
Package: ifvtex 2016/05/16 v1.6 Detect VTeX and its facilities (HO)
Package ifvtex Info: VTeX not detected.
)
("C:\Program Files\MiKTeX 2.9\tex/generic/ifxetex\ifxetex.sty"
Package: ifxetex 2010/09/12 v0.6 Provides ifxetex conditional
)
\Gm@cnth=\count89
\Gm@cntv=\count90
\c@Gm@tempcnt=\count91
\Gm@bindingoffset=\dimen103
\Gm@wd@mp=\dimen104
\Gm@odd@mp=\dimen105
\Gm@even@mp=\dimen106
\Gm@layoutwidth=\dimen107
\Gm@layoutheight=\dimen108
\Gm@layouthoffset=\dimen109
\Gm@layoutvoffset=\dimen110
\Gm@dimlist=\toks15

("C:\Program Files\MiKTeX 2.9\tex/latex/geometry\geometry.cfg"))
("C:\Program Files\MiKTeX 2.9\tex/latex/base\inputenc.sty"
Package: inputenc 2018/08/11 v1.3c Input encoding file
\inpenc@prehook=\toks16
\inpenc@posthook=\toks17
)
("C:\Program Files\MiKTeX 2.9\tex/latex/base\fontenc.sty"
Package: fontenc 2018/08/11 v2.0j Standard LaTeX package

("C:\Program Files\MiKTeX 2.9\tex/latex/base\t1enc.def"
File: t1enc.def 2018/08/11 v2.0j Standard LaTeX file
LaTeX Font Info:    Redeclaring font encoding T1 on input line 48.
))
("C:\Program Files\MiKTeX 2.9\tex/latex/psnfss\mathptmx.sty"
Package: mathptmx 2005/04/12 PSNFSS-v9.2a Times w/ Math, improved (SPQR, WaS) 
LaTeX Font Info:    Redeclaring symbol font `operators' on input line 28.
LaTeX Font Info:    Overwriting symbol font `operators' in version `normal'
(Font)                  OT1/cmr/m/n --> OT1/ztmcm/m/n on input line 28.
LaTeX Font Info:    Overwriting symbol font `operators' in version `bold'
(Font)                  OT1/cmr/bx/n --> OT1/ztmcm/m/n on input line 28.
LaTeX Font Info:    Redeclaring symbol font `letters' on input line 29.
LaTeX Font Info:    Overwriting symbol font `letters' in version `normal'
(Font)                  OML/cmm/m/it --> OML/ztmcm/m/it on input line 29.
LaTeX Font Info:    Overwriting symbol font `letters' in version `bold'
(Font)                  OML/cmm/b/it --> OML/ztmcm/m/it on input line 29.
LaTeX Font Info:    Redeclaring symbol font `symbols' on input line 30.
LaTeX Font Info:    Overwriting symbol font `symbols' in version `normal'
(Font)                  OMS/cmsy/m/n --> OMS/ztmcm/m/n on input line 30.
LaTeX Font Info:    Overwriting symbol font `symbols' in version `bold'
(Font)                  OMS/cmsy/b/n --> OMS/ztmcm/m/n on input line 30.
LaTeX Font Info:    Redeclaring symbol font `largesymbols' on input line 31.
LaTeX Font Info:    Overwriting symbol font `largesymbols' in version `normal'
(Font)                  OMX/cmex/m/n --> OMX/ztmcm/m/n on input line 31.
LaTeX Font Info:    Overwriting symbol font `largesymbols' in version `bold'
(Font)                  OMX/cmex/m/n --> OMX/ztmcm/m/n on input line 31.
\symbold=\mathgroup4
\symitalic=\mathgroup5
LaTeX Font Info:    Redeclaring math alphabet \mathbf on input line 34.
LaTeX Font Info:    Overwriting math alphabet `\mathbf' in version `normal'
(Font)                  OT1/cmr/bx/n --> OT1/ptm/bx/n on input line 34.
LaTeX Font Info:    Overwriting math alphabet `\mathbf' in version `bold'
(Font)                  OT1/cmr/bx/n --> OT1/ptm/bx/n on input line 34.
LaTeX Font Info:    Redeclaring math alphabet \mathit on input line 35.
LaTeX Font Info:    Overwriting math alphabet `\mathit' in version `normal'
(Font)                  OT1/cmr/m/it --> OT1/ptm/m/it on input line 35.
LaTeX Font Info:    Overwriting math alphabet `\mathit' in version `bold'
(Font)                  OT1/cmr/bx/it --> OT1/ptm/m/it on input line 35.
LaTeX Info: Redefining \hbar on input line 50.
)
(C:\Users\alexd\AppData\Roaming\MiKTeX\2.9\tex/latex/fancyhdr\fancyhdr.sty
Package: fancyhdr 2019/01/31 v3.10 Extensive control of page headers and footer
s
\f@nch@headwidth=\skip43
\f@nch@O@elh=\skip44
\f@nch@O@erh=\skip45
\f@nch@O@olh=\skip46
\f@nch@O@orh=\skip47
\f@nch@O@elf=\skip48
\f@nch@O@erf=\skip49
\f@nch@O@olf=\skip50
\f@nch@O@orf=\skip51
)
("C:\Program Files\MiKTeX 2.9\tex/latex/graphics\graphicx.sty"
Package: graphicx 2017/06/01 v1.1a Enhanced LaTeX Graphics (DPC,SPQR)

("C:\Program Files\MiKTeX 2.9\tex/latex/graphics\graphics.sty"
Package: graphics 2017/06/25 v1.2c Standard LaTeX Graphics (DPC,SPQR)

("C:\Program Files\MiKTeX 2.9\tex/latex/graphics\trig.sty"
Package: trig 2016/01/03 v1.10 sin cos tan (DPC)
)
("C:\Program Files\MiKTeX 2.9\tex/latex/graphics-cfg\graphics.cfg"
File: graphics.cfg 2016/06/04 v1.11 sample graphics configuration
)
Package graphics Info: Driver file: pdftex.def on input line 99.

("C:\Program Files\MiKTeX 2.9\tex/latex/graphics-def\pdftex.def"
File: pdftex.def 2018/01/08 v1.0l Graphics/color driver for pdftex
))
\Gin@req@height=\dimen111
\Gin@req@width=\dimen112
)
(C:\Users\alexd\AppData\Roaming\MiKTeX\2.9\tex/latex/caption\subcaption.sty
Package: subcaption 2019/09/01 v1.3a Sub-captions (AR)

(C:\Users\alexd\AppData\Roaming\MiKTeX\2.9\tex/latex/caption\caption.sty
Package: caption 2019/10/18 v3.4a Customizing captions (AR)

(C:\Users\alexd\AppData\Roaming\MiKTeX\2.9\tex/latex/caption\caption3.sty
Package: caption3 2019/09/09 v1.8e caption3 kernel (AR)
Package caption3 Info: TeX engine: e-TeX on input line 64.
\captionmargin=\dimen113
\captionmargin@=\dimen114
\captionwidth=\dimen115
\caption@tempdima=\dimen116
\caption@indent=\dimen117
\caption@parindent=\dimen118
\caption@hangindent=\dimen119
Package caption Info: Standard document class detected.
)
\c@caption@flags=\count92
\c@continuedfloat=\count93
)
\c@subfigure=\count94
\c@subtable=\count95
)
(C:\Users\alexd\AppData\Roaming\MiKTeX\2.9\tex/latex/pdfpages\pdfpages.sty
Package: pdfpages 2019/11/21 v0.5o Insert pages of external PDF documents (AM)

("C:\Program Files\MiKTeX 2.9\tex/latex/base\ifthen.sty"
Package: ifthen 2014/09/29 v1.1c Standard LaTeX ifthen package (DPC)
)
("C:\Program Files\MiKTeX 2.9\tex/latex/tools\calc.sty"
Package: calc 2017/05/25 v4.3 Infix arithmetic (KKT,FJ)
\calc@Acount=\count96
\calc@Bcount=\count97
\calc@Adimen=\dimen120
\calc@Bdimen=\dimen121
\calc@Askip=\skip52
\calc@Bskip=\skip53
LaTeX Info: Redefining \setlength on input line 80.
LaTeX Info: Redefining \addtolength on input line 81.
\calc@Ccount=\count98
\calc@Cskip=\skip54
)
(C:\Users\alexd\AppData\Roaming\MiKTeX\2.9\tex/latex/eso-pic\eso-pic.sty
Package: eso-pic 2018/04/12 v2.0h eso-pic (RN)

("C:\Program Files\MiKTeX 2.9\tex/generic/oberdiek\atbegshi.sty"
Package: atbegshi 2016/06/09 v1.18 At begin shipout hook (HO)

("C:\Program Files\MiKTeX 2.9\tex/generic/oberdiek\infwarerr.sty"
Package: infwarerr 2016/05/16 v1.4 Providing info/warning/error messages (HO)
)
("C:\Program Files\MiKTeX 2.9\tex/generic/oberdiek\ltxcmds.sty"
Package: ltxcmds 2016/05/16 v1.23 LaTeX kernel commands for general use (HO)
))
(C:\Users\alexd\AppData\Roaming\MiKTeX\2.9\tex/latex/xcolor\xcolor.sty
Package: xcolor 2016/05/11 v2.12 LaTeX color extensions (UK)

("C:\Program Files\MiKTeX 2.9\tex/latex/graphics-cfg\color.cfg"
File: color.cfg 2016/01/02 v1.6 sample color configuration
)
Package xcolor Info: Driver file: pdftex.def on input line 225.
Package xcolor Info: Model `cmy' substituted by `cmy0' on input line 1348.
Package xcolor Info: Model `hsb' substituted by `rgb' on input line 1352.
Package xcolor Info: Model `RGB' extended on input line 1364.
Package xcolor Info: Model `HTML' substituted by `rgb' on input line 1366.
Package xcolor Info: Model `Hsb' substituted by `hsb' on input line 1367.
Package xcolor Info: Model `tHsb' substituted by `hsb' on input line 1368.
Package xcolor Info: Model `HSB' substituted by `hsb' on input line 1369.
Package xcolor Info: Model `Gray' substituted by `gray' on input line 1370.
Package xcolor Info: Model `wave' substituted by `hsb' on input line 1371.
))
\AM@pagewidth=\dimen122
\AM@pageheight=\dimen123

(C:\Users\alexd\AppData\Roaming\MiKTeX\2.9\tex/latex/pdfpages\pppdftex.def
File: pppdftex.def 2019/11/21 v0.5o Pdfpages driver for pdfTeX (AM)
)
\AM@pagebox=\box27
\AM@global@opts=\toks18
\AM@toc@title=\toks19
\c@AM@survey=\count99
\AM@templatesizebox=\box28
)
("C:\Program Files\MiKTeX 2.9\tex/latex/amsmath\amsmath.sty"
Package: amsmath 2018/12/01 v2.17b AMS math features
\@mathmargin=\skip55

For additional information on amsmath, use the `?' option.
("C:\Program Files\MiKTeX 2.9\tex/latex/amsmath\amstext.sty"
Package: amstext 2000/06/29 v2.01 AMS text

("C:\Program Files\MiKTeX 2.9\tex/latex/amsmath\amsgen.sty"
File: amsgen.sty 1999/11/30 v2.0 generic functions
\@emptytoks=\toks20
\ex@=\dimen124
))
("C:\Program Files\MiKTeX 2.9\tex/latex/amsmath\amsbsy.sty"
Package: amsbsy 1999/11/29 v1.2d Bold Symbols
\pmbraise@=\dimen125
)
("C:\Program Files\MiKTeX 2.9\tex/latex/amsmath\amsopn.sty"
Package: amsopn 2016/03/08 v2.02 operator names
)
\inf@bad=\count100
LaTeX Info: Redefining \frac on input line 223.
\uproot@=\count101
\leftroot@=\count102
LaTeX Info: Redefining \overline on input line 385.
\classnum@=\count103
\DOTSCASE@=\count104
LaTeX Info: Redefining \ldots on input line 482.
LaTeX Info: Redefining \dots on input line 485.
LaTeX Info: Redefining \cdots on input line 606.
\Mathstrutbox@=\box29
\strutbox@=\box30
\big@size=\dimen126
LaTeX Font Info:    Redeclaring font encoding OML on input line 729.
LaTeX Font Info:    Redeclaring font encoding OMS on input line 730.
\macc@depth=\count105
\c@MaxMatrixCols=\count106
\dotsspace@=\muskip10
\c@parentequation=\count107
\dspbrk@lvl=\count108
\tag@help=\toks21
\row@=\count109
\column@=\count110
\maxfields@=\count111
\andhelp@=\toks22
\eqnshift@=\dimen127
\alignsep@=\dimen128
\tagshift@=\dimen129
\tagwidth@=\dimen130
\totwidth@=\dimen131
\lineht@=\dimen132
\@envbody=\toks23
\multlinegap=\skip56
\multlinetaggap=\skip57
\mathdisplay@stack=\toks24
LaTeX Info: Redefining \[ on input line 2844.
LaTeX Info: Redefining \] on input line 2845.
)
(C:\Users\alexd\AppData\Roaming\MiKTeX\2.9\tex/latex/lipsum\lipsum.sty
(C:\Users\alexd\AppData\Roaming\MiKTeX\2.9\tex/latex/l3kernel\expl3.sty
Package: expl3 2019-11-07 L3 programming layer (loader) 

(C:\Users\alexd\AppData\Roaming\MiKTeX\2.9\tex/latex/l3kernel\expl3-code.tex
Package: expl3 2019-11-07 L3 programming layer (code)
\c_max_int=\count112
\l_tmpa_int=\count113
\l_tmpb_int=\count114
\g_tmpa_int=\count115
\g_tmpb_int=\count116
\l__seq_internal_a_int=\count117
\l__seq_internal_b_int=\count118
\g__kernel_prg_map_int=\count119
\c__ior_term_noprompt_ior=\count120
\c_log_iow=\count121
\l_iow_line_count_int=\count122
\l__iow_line_target_int=\count123
\l__iow_one_indent_int=\count124
\l__iow_indent_int=\count125
\c_zero_dim=\dimen133
\c_max_dim=\dimen134
\l_tmpa_dim=\dimen135
\l_tmpb_dim=\dimen136
\g_tmpa_dim=\dimen137
\g_tmpb_dim=\dimen138
\c_zero_skip=\skip58
\c_max_skip=\skip59
\l_tmpa_skip=\skip60
\l_tmpb_skip=\skip61
\g_tmpa_skip=\skip62
\g_tmpb_skip=\skip63
\c_zero_muskip=\muskip11
\c_max_muskip=\muskip12
\l_tmpa_muskip=\muskip13
\l_tmpb_muskip=\muskip14
\g_tmpa_muskip=\muskip15
\g_tmpb_muskip=\muskip16
\l_keys_choice_int=\count126
\l__intarray_loop_int=\count127
\c__intarray_sp_dim=\dimen139
\g__intarray_font_int=\count128
\c__fp_leading_shift_int=\count129
\c__fp_middle_shift_int=\count130
\c__fp_trailing_shift_int=\count131
\c__fp_big_leading_shift_int=\count132
\c__fp_big_middle_shift_int=\count133
\c__fp_big_trailing_shift_int=\count134
\c__fp_Bigg_leading_shift_int=\count135
\c__fp_Bigg_middle_shift_int=\count136
\c__fp_Bigg_trailing_shift_int=\count137
\c__kernel_randint_max_int=\count138
\g__fp_array_int=\count139
\l__fp_array_loop_int=\count140
\l__sort_length_int=\count141
\l__sort_min_int=\count142
\l__sort_top_int=\count143
\l__sort_max_int=\count144
\l__sort_true_max_int=\count145
\l__sort_block_int=\count146
\l__sort_begin_int=\count147
\l__sort_end_int=\count148
\l__sort_A_int=\count149
\l__sort_B_int=\count150
\l__sort_C_int=\count151
\l__str_internal_int=\count152
\c__str_replacement_char_int=\count153
\l__tl_analysis_normal_int=\count154
\l__tl_analysis_index_int=\count155
\l__tl_analysis_nesting_int=\count156
\l__tl_analysis_type_int=\count157
\l__regex_internal_a_int=\count158
\l__regex_internal_b_int=\count159
\l__regex_internal_c_int=\count160
\l__regex_balance_int=\count161
\l__regex_group_level_int=\count162
\l__regex_mode_int=\count163
\c__regex_cs_in_class_mode_int=\count164
\c__regex_cs_mode_int=\count165
\l__regex_catcodes_int=\count166
\l__regex_default_catcodes_int=\count167
\c__regex_catcode_D_int=\count168
\c__regex_catcode_S_int=\count169
\c__regex_catcode_L_int=\count170
\c__regex_catcode_O_int=\count171
\c__regex_catcode_A_int=\count172
\c__regex_all_catcodes_int=\count173
\l__regex_show_lines_int=\count174
\l__regex_min_state_int=\count175
\l__regex_max_state_int=\count176
\l__regex_left_state_int=\count177
\l__regex_right_state_int=\count178
\l__regex_capturing_group_int=\count179
\l__regex_min_pos_int=\count180
\l__regex_max_pos_int=\count181
\l__regex_curr_pos_int=\count182
\l__regex_start_pos_int=\count183
\l__regex_success_pos_int=\count184
\l__regex_curr_char_int=\count185
\l__regex_curr_catcode_int=\count186
\l__regex_last_char_int=\count187
\l__regex_case_changed_char_int=\count188
\l__regex_curr_state_int=\count189
\l__regex_step_int=\count190
\l__regex_min_active_int=\count191
\l__regex_max_active_int=\count192
\l__regex_replacement_csnames_int=\count193
\l__regex_match_count_int=\count194
\l__regex_min_submatch_int=\count195
\l__regex_submatch_int=\count196
\l__regex_zeroth_submatch_int=\count197
\g__regex_trace_regex_int=\count198
\c_empty_box=\box31
\l_tmpa_box=\box32
\l_tmpb_box=\box33
\g_tmpa_box=\box34
\g_tmpb_box=\box35
\l__box_top_dim=\dimen140
\l__box_bottom_dim=\dimen141
\l__box_left_dim=\dimen142
\l__box_right_dim=\dimen143
\l__box_top_new_dim=\dimen144
\l__box_bottom_new_dim=\dimen145
\l__box_left_new_dim=\dimen146
\l__box_right_new_dim=\dimen147
\l__box_internal_box=\box36
\l__coffin_internal_box=\box37
\l__coffin_internal_dim=\dimen148
\l__coffin_offset_x_dim=\dimen149
\l__coffin_offset_y_dim=\dimen150
\l__coffin_x_dim=\dimen151
\l__coffin_y_dim=\dimen152
\l__coffin_x_prime_dim=\dimen153
\l__coffin_y_prime_dim=\dimen154
\c_empty_coffin=\box38
\l__coffin_aligned_coffin=\box39
\l__coffin_aligned_internal_coffin=\box40
\l_tmpa_coffin=\box41
\l_tmpb_coffin=\box42
\g_tmpa_coffin=\box43
\g_tmpb_coffin=\box44
\l__coffin_bounding_shift_dim=\dimen155
\l__coffin_left_corner_dim=\dimen156
\l__coffin_right_corner_dim=\dimen157
\l__coffin_bottom_corner_dim=\dimen158
\l__coffin_top_corner_dim=\dimen159
\l__coffin_scaled_total_height_dim=\dimen160
\l__coffin_scaled_width_dim=\dimen161
\c__coffin_empty_coffin=\box45
\l__coffin_display_coffin=\box46
\l__coffin_display_coord_coffin=\box47
\l__coffin_display_pole_coffin=\box48
\l__coffin_display_offset_dim=\dimen162
\l__coffin_display_x_dim=\dimen163
\l__coffin_display_y_dim=\dimen164
\g__char_data_ior=\read1

(C:\Users\alexd\AppData\Roaming\MiKTeX\2.9\tex/latex/l3kernel\l3deprecation.def
File: l3deprecation.def 2019-04-06 v L3 Deprecated functions
))
(C:\Users\alexd\AppData\Roaming\MiKTeX\2.9\tex/latex/l3backend\l3backend-pdfmod
e.def
File: l3backend-pdfmode.def 2019-04-06 L3 backend support: PDF mode
\l__kernel_color_stack_int=\count199
\l__pdf_internal_box=\box49
))
(C:\Users\alexd\AppData\Roaming\MiKTeX\2.9\tex/latex/l3packages/xparse\xparse.s
ty
Package: xparse 2019-10-11 L3 Experimental document command parser
\l__xparse_current_arg_int=\count266
\g__xparse_grabber_int=\count267
\l__xparse_m_args_int=\count268
\l__xparse_v_nesting_int=\count269
)
Package: lipsum 2019/01/02 v2.2 150 paragraphs of Lorem Ipsum dummy text
 (C:\Users\alexd\AppData\Roaming\MiKTeX\2.9\tex/latex/lipsum\lipsum.ltd.tex
File: lipsum.ltd.tex 2019/01/02 v2.2 The Lorem ipsum dummy text
)) (C:\Users\alexd\AppData\Roaming\MiKTeX\2.9\tex/latex/mwe\mwe.sty
Package: mwe 2018/03/30 v0.5 Package to support minimal working examples (MWE)

(C:\Users\alexd\AppData\Roaming\MiKTeX\2.9\tex/latex/blindtext\blindtext.sty
Package: blindtext 2012/01/06 V2.0 blindtext-Package

("C:\Program Files\MiKTeX 2.9\tex/latex/tools\xspace.sty"
Package: xspace 2014/10/28 v1.13 Space after command names (DPC,MH)
)
\c@blindtext=\count270
\c@Blindtext=\count271
\c@blind@countparstart=\count272
\blind@countxx=\count273
\blindtext@numBlindtext=\count274
\blind@countyy=\count275
\c@blindlist=\count276
\c@blindlistlevel=\count277
\c@blindlist@level=\count278
\blind@listitem=\count279
\c@blind@listcount=\count280
\c@blind@levelcount=\count281
\blind@mathformula=\count282
\blind@Mathformula=\count283
\c@blind@randomcount=\count284
\c@blind@randommax=\count285
\c@blind@pangramcount=\count286
\c@blind@pangrammax=\count287
))
("C:\Program Files\MiKTeX 2.9\tex/latex/hyperref\hyperref.sty"
Package: hyperref 2019/09/12 v6.88i Hypertext links for LaTeX

("C:\Program Files\MiKTeX 2.9\tex/generic/oberdiek\hobsub-hyperref.sty"
Package: hobsub-hyperref 2016/05/16 v1.14 Bundle oberdiek, subset hyperref (HO)


("C:\Program Files\MiKTeX 2.9\tex/generic/oberdiek\hobsub-generic.sty"
Package: hobsub-generic 2016/05/16 v1.14 Bundle oberdiek, subset generic (HO)
Package: hobsub 2016/05/16 v1.14 Construct package bundles (HO)
Package hobsub Info: Skipping package `infwarerr' (already loaded).
Package hobsub Info: Skipping package `ltxcmds' (already loaded).
Package: ifluatex 2016/05/16 v1.4 Provides the ifluatex switch (HO)
Package ifluatex Info: LuaTeX not detected.
Package hobsub Info: Skipping package `ifvtex' (already loaded).
Package: intcalc 2016/05/16 v1.2 Expandable calculations with integers (HO)
Package hobsub Info: Skipping package `ifpdf' (already loaded).
Package: etexcmds 2016/05/16 v1.6 Avoid name clashes with e-TeX commands (HO)
Package: kvsetkeys 2016/05/16 v1.17 Key value parser (HO)
Package: kvdefinekeys 2016/05/16 v1.4 Define keys (HO)
Package: pdftexcmds 2019/07/25 v0.30 Utility functions of pdfTeX for LuaTeX (HO
)
Package pdftexcmds Info: LuaTeX not detected.
Package pdftexcmds Info: \pdf@primitive is available.
Package pdftexcmds Info: \pdf@ifprimitive is available.
Package pdftexcmds Info: \pdfdraftmode found.
Package: pdfescape 2016/05/16 v1.14 Implements pdfTeX's escape features (HO)
Package: bigintcalc 2016/05/16 v1.4 Expandable calculations on big integers (HO
)
Package: bitset 2016/05/16 v1.2 Handle bit-vector datatype (HO)
Package: uniquecounter 2016/05/16 v1.3 Provide unlimited unique counter (HO)
)
Package hobsub Info: Skipping package `hobsub' (already loaded).
Package: letltxmacro 2016/05/16 v1.5 Let assignment for LaTeX macros (HO)
Package: hopatch 2016/05/16 v1.3 Wrapper for package hooks (HO)
Package: xcolor-patch 2016/05/16 xcolor patch
Package: atveryend 2016/05/16 v1.9 Hooks at the very end of document (HO)
Package atveryend Info: \enddocument detected (standard20110627).
Package hobsub Info: Skipping package `atbegshi' (already loaded).
Package: refcount 2016/05/16 v3.5 Data extraction from label references (HO)
Package: hycolor 2016/05/16 v1.8 Color options for hyperref/bookmark (HO)
)
("C:\Program Files\MiKTeX 2.9\tex/latex/oberdiek\auxhook.sty"
Package: auxhook 2016/05/16 v1.4 Hooks for auxiliary files (HO)
)
("C:\Program Files\MiKTeX 2.9\tex/latex/oberdiek\kvoptions.sty"
Package: kvoptions 2016/05/16 v3.12 Key value format for package options (HO)
)
\@linkdim=\dimen165
\Hy@linkcounter=\count288
\Hy@pagecounter=\count289

("C:\Program Files\MiKTeX 2.9\tex/latex/hyperref\pd1enc.def"
File: pd1enc.def 2019/09/12 v6.88i Hyperref: PDFDocEncoding definition (HO)
Now handling font encoding PD1 ...
... no UTF-8 mapping file for font encoding PD1
)
\Hy@SavedSpaceFactor=\count290

("C:\Program Files\MiKTeX 2.9\tex/latex/00miktex\hyperref.cfg"
File: hyperref.cfg 2002/06/06 v1.2 hyperref configuration of TeXLive
)
Package hyperref Info: Hyper figures OFF on input line 4550.
Package hyperref Info: Link nesting OFF on input line 4555.
Package hyperref Info: Hyper index ON on input line 4558.
Package hyperref Info: Plain pages OFF on input line 4565.
Package hyperref Info: Backreferencing OFF on input line 4570.
Package hyperref Info: Implicit mode ON; LaTeX internals redefined.
Package hyperref Info: Bookmarks ON on input line 4803.
\c@Hy@tempcnt=\count291

(C:\Users\alexd\AppData\Roaming\MiKTeX\2.9\tex/latex/url\url.sty
\Urlmuskip=\muskip17
Package: url 2013/09/16  ver 3.4  Verb mode for urls, etc.
)
LaTeX Info: Redefining \url on input line 5156.
\XeTeXLinkMargin=\dimen166
\Fld@menulength=\count292
\Field@Width=\dimen167
\Fld@charsize=\dimen168
Package hyperref Info: Hyper figures OFF on input line 6411.
Package hyperref Info: Link nesting OFF on input line 6416.
Package hyperref Info: Hyper index ON on input line 6419.
Package hyperref Info: backreferencing OFF on input line 6426.
Package hyperref Info: Link coloring OFF on input line 6431.
Package hyperref Info: Link coloring with OCG OFF on input line 6436.
Package hyperref Info: PDF/A mode OFF on input line 6441.
LaTeX Info: Redefining \ref on input line 6481.
LaTeX Info: Redefining \pageref on input line 6485.
\Hy@abspage=\count293
\c@Item=\count294
\c@Hfootnote=\count295
)
Package hyperref Info: Driver (autodetected): hpdftex.

("C:\Program Files\MiKTeX 2.9\tex/latex/hyperref\hpdftex.def"
File: hpdftex.def 2019/09/12 v6.88i Hyperref driver for pdfTeX
\Fld@listcount=\count296
\c@bookmark@seq@number=\count297

("C:\Program Files\MiKTeX 2.9\tex/latex/oberdiek\rerunfilecheck.sty"
Package: rerunfilecheck 2016/05/16 v1.8 Rerun checks for auxiliary files (HO)
Package uniquecounter Info: New unique counter `rerunfilecheck' on input line 2
82.
)
\Hy@SectionHShift=\skip64
)
Package hyperref Info: Option `colorlinks' set `true' on input line 28.

("Project Spearhead Modelling and Control.aux"

LaTeX Warning: Label `fig:ompcimplementationstructure' multiply defined.

)
\openout1 = `"Project Spearhead Modelling and Control.aux"'.

LaTeX Font Info:    Checking defaults for OML/cmm/m/it on input line 46.
LaTeX Font Info:    ... okay on input line 46.
LaTeX Font Info:    Checking defaults for T1/cmr/m/n on input line 46.
LaTeX Font Info:    ... okay on input line 46.
LaTeX Font Info:    Checking defaults for OT1/cmr/m/n on input line 46.
LaTeX Font Info:    ... okay on input line 46.
LaTeX Font Info:    Checking defaults for OMS/cmsy/m/n on input line 46.
LaTeX Font Info:    ... okay on input line 46.
LaTeX Font Info:    Checking defaults for OMX/cmex/m/n on input line 46.
LaTeX Font Info:    ... okay on input line 46.
LaTeX Font Info:    Checking defaults for U/cmr/m/n on input line 46.
LaTeX Font Info:    ... okay on input line 46.
LaTeX Font Info:    Checking defaults for PD1/pdf/m/n on input line 46.
LaTeX Font Info:    ... okay on input line 46.
LaTeX Font Info:    Try loading font information for T1+ptm on input line 46.
 ("C:\Program Files\MiKTeX 2.9\tex/latex/psnfss\t1ptm.fd"
File: t1ptm.fd 2001/06/04 font definitions for T1/ptm.
)
*geometry* driver: auto-detecting
*geometry* detected driver: pdftex
*geometry* verbose mode - [ preamble ] result:
* driver: pdftex
* paper: a4paper
* layout: <same size as paper>
* layoutoffset:(h,v)=(0.0pt,0.0pt)
* modes: twoside 
* h-part:(L,W,R)=(72.2698pt, 452.96826pt, 72.2698pt)
* v-part:(T,H,B)=(72.2698pt, 701.07597pt, 71.70107pt)
* \paperwidth=597.50787pt
* \paperheight=845.04684pt
* \textwidth=452.96826pt
* \textheight=701.07597pt
* \oddsidemargin=-0.00018pt
* \evensidemargin=-0.00018pt
* \topmargin=-37.00018pt
* \headheight=12.0pt
* \headsep=25.0pt
* \topskip=12.0pt
* \footskip=30.0pt
* \marginparwidth=85.0pt
* \marginparsep=10.0pt
* \columnsep=10.0pt
* \skip\footins=10.8pt plus 4.0pt minus 2.0pt
* \hoffset=0.0pt
* \voffset=0.0pt
* \mag=1000
* \@twocolumnfalse
* \@twosidetrue
* \@mparswitchtrue
* \@reversemarginfalse
* (1in=72.27pt=25.4mm, 1cm=28.453pt)

(C:\Users\alexd\AppData\Roaming\MiKTeX\2.9\tex/context/base/mkii\supp-pdf.mkii
[Loading MPS to PDF converter (version 2006.09.02).]
\scratchcounter=\count298
\scratchdimen=\dimen169
\scratchbox=\box50
\nofMPsegments=\count299
\nofMParguments=\count300
\everyMPshowfont=\toks25
\MPscratchCnt=\count301
\MPscratchDim=\dimen170
\MPnumerator=\count302
\makeMPintoPDFobject=\count303
\everyMPtoPDFconversion=\toks26
) ("C:\Program Files\MiKTeX 2.9\tex/latex/oberdiek\epstopdf-base.sty"
Package: epstopdf-base 2016/05/15 v2.6 Base part for package epstopdf

("C:\Program Files\MiKTeX 2.9\tex/latex/oberdiek\grfext.sty"
Package: grfext 2016/05/16 v1.2 Manage graphics extensions (HO)
)
Package epstopdf-base Info: Redefining graphics rule for `.eps' on input line 4
38.
Package grfext Info: Graphics extension search list:
(grfext)             [.pdf,.png,.jpg,.mps,.jpeg,.jbig2,.jb2,.PDF,.PNG,.JPG,.JPE
G,.JBIG2,.JB2,.eps]
(grfext)             \AppendGraphicsExtensions on input line 456.
)
Package caption Info: Begin \AtBeginDocument code.
Package caption Info: hyperref package is loaded.
Package caption Info: End \AtBeginDocument code.
\AtBeginShipoutBox=\box51

("C:\Program Files\MiKTeX 2.9\tex/latex/oberdiek\pdflscape.sty"
Package: pdflscape 2016/05/14 v0.11 Display of landscape pages in PDF (HO)

("C:\Program Files\MiKTeX 2.9\tex/latex/graphics\lscape.sty"
Package: lscape 2000/10/22 v3.01 Landscape Pages (DPC)
)
Package pdflscape Info: Auto-detected driver: pdftex on input line 81.
)
Package hyperref Info: Link coloring ON on input line 46.

("C:\Program Files\MiKTeX 2.9\tex/latex/hyperref\nameref.sty"
Package: nameref 2019/09/12 v2.45 Cross-referencing by name of section

("C:\Program Files\MiKTeX 2.9\tex/generic/oberdiek\gettitlestring.sty"
Package: gettitlestring 2016/05/16 v1.5 Cleanup title references (HO)
)
\c@section@level=\count304
)
LaTeX Info: Redefining \ref on input line 46.
LaTeX Info: Redefining \pageref on input line 46.
LaTeX Info: Redefining \nameref on input line 46.

("Project Spearhead Modelling and Control.out")
("Project Spearhead Modelling and Control.out")
\@outlinefile=\write3
\openout3 = `"Project Spearhead Modelling and Control.out"'.

LaTeX Font Info:    Font shape `T1/ptm/bx/n' in size <12> not available
(Font)              Font shape `T1/ptm/b/n' tried instead on input line 48.
 [1

{C:/Users/alexd/AppData/Local/MiKTeX/2.9/pdftex/config/pdftex.map}]
LaTeX Font Info:    Font shape `T1/ptm/bx/n' in size <24.88> not available
(Font)              Font shape `T1/ptm/b/n' tried instead on input line 53.

("Project Spearhead Modelling and Control.toc"
LaTeX Font Info:    Try loading font information for OT1+ztmcm on input line 2.


("C:\Program Files\MiKTeX 2.9\tex/latex/psnfss\ot1ztmcm.fd"
File: ot1ztmcm.fd 2000/01/03 Fontinst v1.801 font definitions for OT1/ztmcm.
)
LaTeX Font Info:    Try loading font information for OML+ztmcm on input line 2.


("C:\Program Files\MiKTeX 2.9\tex/latex/psnfss\omlztmcm.fd"
File: omlztmcm.fd 2000/01/03 Fontinst v1.801 font definitions for OML/ztmcm.
)
LaTeX Font Info:    Try loading font information for OMS+ztmcm on input line 2.


("C:\Program Files\MiKTeX 2.9\tex/latex/psnfss\omsztmcm.fd"
File: omsztmcm.fd 2000/01/03 Fontinst v1.801 font definitions for OMS/ztmcm.
)
LaTeX Font Info:    Try loading font information for OMX+ztmcm on input line 2.


("C:\Program Files\MiKTeX 2.9\tex/latex/psnfss\omxztmcm.fd"
File: omxztmcm.fd 2000/01/03 Fontinst v1.801 font definitions for OMX/ztmcm.
)
LaTeX Font Info:    Try loading font information for OT1+ptm on input line 2.

("C:\Program Files\MiKTeX 2.9\tex/latex/psnfss\ot1ptm.fd"
File: ot1ptm.fd 2001/06/04 font definitions for OT1/ptm.
)
LaTeX Font Info:    Font shape `OT1/ptm/bx/n' in size <12> not available
(Font)              Font shape `OT1/ptm/b/n' tried instead on input line 2.
LaTeX Font Info:    Font shape `OT1/ptm/bx/n' in size <9> not available
(Font)              Font shape `OT1/ptm/b/n' tried instead on input line 2.
LaTeX Font Info:    Font shape `OT1/ptm/bx/n' in size <7> not available
(Font)              Font shape `OT1/ptm/b/n' tried instead on input line 2.
 [2

]

Package Fancyhdr Warning: \headheight is too small (12.0pt): 
Make it at least 14.49998pt.
We now make it that large for the rest of the document.
This may cause the page layout to be inconsistent, however.

[3])
\tf@toc=\write4
\openout4 = `"Project Spearhead Modelling and Control.toc"'.

 [4] ("Project Spearhead Modelling and Control.lof" [5

])
\tf@lof=\write5
\openout5 = `"Project Spearhead Modelling and Control.lof"'.

 [6]
("Project Spearhead Modelling and Control.lot")
\tf@lot=\write6
\openout6 = `"Project Spearhead Modelling and Control.lot"'.

 [7

]
Chapter 1.
LaTeX Font Info:    Font shape `T1/ptm/bx/n' in size <17.28> not available
(Font)              Font shape `T1/ptm/b/n' tried instead on input line 78.

LaTeX Warning: Citation `3' on page 1 undefined on input line 80.


LaTeX Warning: Citation `4' on page 1 undefined on input line 80.

LaTeX Font Info:    Try loading font information for OMS+ptm on input line 84.
("C:\Program Files\MiKTeX 2.9\tex/latex/psnfss\omsptm.fd"
File: omsptm.fd 
)
LaTeX Font Info:    Font shape `OMS/ptm/m/n' in size <12> not available
(Font)              Font shape `OMS/cmsy/m/n' tried instead on input line 84.


LaTeX Warning: Citation `12' on page 1 undefined on input line 91.


LaTeX Warning: Citation `6' on page 1 undefined on input line 93.

[1

]
LaTeX Font Info:    Font shape `T1/ptm/bx/n' in size <14.4> not available
(Font)              Font shape `T1/ptm/b/n' tried instead on input line 105.
 [2]

LaTeX Warning: File `ProjectInitialTimetable.png' not found on input line 139.


! Package pdftex.def Error: File `ProjectInitialTimetable.png' not found: using
 draft setting.

See the pdftex.def package documentation for explanation.
Type  H <return>  for immediate help.
 ...                                              
                                                  
l.139 ...1\linewidth]{ProjectInitialTimetable.png}
                                                  
Try typing  <return>  to proceed.
If that doesn't work, type  X <return>  to quit.

LaTeX Font Info:    Try loading font information for T1+cmtt on input line 139.

("C:\Program Files\MiKTeX 2.9\tex/latex/base\t1cmtt.fd"
File: t1cmtt.fd 2014/09/29 v2.5h Standard LaTeX font definitions
)
Overfull \hbox (45.29958pt too wide) in paragraph at lines 139--140
 [][] 
 []


LaTeX Warning: `!h' float specifier changed to `!ht'.


LaTeX Warning: File `ProjectFinalTimetable.png' not found on input line 146.


! Package pdftex.def Error: File `ProjectFinalTimetable.png' not found: using d
raft setting.

See the pdftex.def package documentation for explanation.
Type  H <return>  for immediate help.
 ...                                              
                                                  
l.146 ...1.1\linewidth]{ProjectFinalTimetable.png}
                                                  
Try typing  <return>  to proceed.
If that doesn't work, type  X <return>  to quit.


Overfull \hbox (45.29958pt too wide) in paragraph at lines 146--147
 [][] 
 []


LaTeX Warning: `!h' float specifier changed to `!ht'.


Underfull \hbox (badness 10000) in paragraph at lines 151--160

 []


Underfull \hbox (badness 10000) in paragraph at lines 151--160

 []


Underfull \hbox (badness 10000) in paragraph at lines 151--160

 []

[3]
Underfull \vbox (badness 7451) has occurred while \output is active []

 [4]
[5]
Chapter 2.

LaTeX Warning: Citation `12' on page 6 undefined on input line 182.


LaTeX Warning: Citation `1' on page 6 undefined on input line 188.


LaTeX Warning: Citation `2' on page 6 undefined on input line 188.


LaTeX Warning: Citation `4' on page 6 undefined on input line 188.


LaTeX Warning: Citation `15' on page 6 undefined on input line 188.

[6

]

LaTeX Warning: Citation `1' on page 7 undefined on input line 194.


LaTeX Warning: Citation `2' on page 7 undefined on input line 194.


LaTeX Warning: Citation `3' on page 7 undefined on input line 194.


LaTeX Warning: Citation `4' on page 7 undefined on input line 194.


LaTeX Warning: Citation `5' on page 7 undefined on input line 194.


LaTeX Warning: Citation `6' on page 7 undefined on input line 194.


LaTeX Warning: Citation `7' on page 7 undefined on input line 194.


LaTeX Warning: Citation `9' on page 7 undefined on input line 194.


LaTeX Warning: Citation `1' on page 7 undefined on input line 196.


LaTeX Warning: Citation `8' on page 7 undefined on input line 196.


LaTeX Warning: Citation `16' on page 7 undefined on input line 196.


Overfull \hbox (3.98639pt too wide) in paragraph at lines 196--197
[]\T1/ptm/m/n/12 Sources [[]],[[]],[[]] present rep-re-sen-ta-tions through Qua
ter-nions which solve is-sues present
 []


LaTeX Warning: Citation `2' on page 7 undefined on input line 203.


LaTeX Warning: Citation `3' on page 7 undefined on input line 203.


LaTeX Warning: Citation `5' on page 7 undefined on input line 203.


LaTeX Warning: Citation `6' on page 7 undefined on input line 203.


LaTeX Warning: Citation `7' on page 7 undefined on input line 203.


LaTeX Warning: Citation `8' on page 7 undefined on input line 203.


LaTeX Warning: Citation `9' on page 7 undefined on input line 203.


Overfull \hbox (3.41087pt too wide) in paragraph at lines 203--205
[]\T1/ptm/m/n/12 The Newton-Euler con-ven-tion which de-rives rep-re-sen-ta-tio
ns of sys-tems dy-nam-ics through
 []


LaTeX Warning: Citation `4' on page 7 undefined on input line 205.


Overfull \hbox (10.79094pt too wide) in paragraph at lines 205--207
[]\T1/ptm/m/n/12 The Euler-Lagrange con-ven-tion which de-rives rep-re-sen-ta-t
ions of sys-tems dy-nam-ics through
 []

[7]

LaTeX Warning: Citation `28' on page 8 undefined on input line 209.


LaTeX Warning: Citation `10' on page 8 undefined on input line 214.


LaTeX Warning: Citation `11' on page 8 undefined on input line 216.


Underfull \hbox (badness 10000) in paragraph at lines 212--217

 []


LaTeX Warning: Citation `14' on page 8 undefined on input line 220.


LaTeX Warning: Citation `2' on page 8 undefined on input line 220.


LaTeX Warning: Citation `8' on page 8 undefined on input line 220.


LaTeX Warning: Citation `17' on page 8 undefined on input line 220.


LaTeX Warning: Citation `9' on page 8 undefined on input line 220.


LaTeX Warning: Citation `12' on page 8 undefined on input line 220.


LaTeX Warning: Citation `14' on page 8 undefined on input line 220.


LaTeX Warning: Citation `15' on page 8 undefined on input line 220.


LaTeX Warning: Citation `16' on page 8 undefined on input line 220.

[8]
Overfull \hbox (0.16093pt too wide) in paragraph at lines 224--224
[]\T1/ptm/b/n/17.28 Control Sys-tems De-sign, Sim-u-la-tion and Im-ple-men-ta-t
ion 
 []


LaTeX Warning: Citation `21' on page 9 undefined on input line 228.


LaTeX Warning: Citation `22' on page 9 undefined on input line 228.


LaTeX Warning: Citation `23' on page 9 undefined on input line 228.


LaTeX Warning: Citation `24' on page 9 undefined on input line 228.


LaTeX Warning: Citation `18' on page 9 undefined on input line 228.


LaTeX Warning: Citation `19' on page 9 undefined on input line 228.


LaTeX Warning: Citation `20' on page 9 undefined on input line 228.


LaTeX Warning: Citation `25' on page 9 undefined on input line 228.


LaTeX Warning: Citation `19' on page 9 undefined on input line 228.


LaTeX Warning: Citation `26' on page 9 undefined on input line 234.


LaTeX Warning: Citation `25' on page 9 undefined on input line 236.


LaTeX Warning: Citation `26' on page 9 undefined on input line 236.


LaTeX Warning: Citation `27' on page 9 undefined on input line 236.


LaTeX Warning: Citation `25' on page 9 undefined on input line 236.


LaTeX Warning: Citation `28' on page 9 undefined on input line 236.


LaTeX Warning: Citation `31' on page 9 undefined on input line 238.


LaTeX Warning: Citation `19' on page 9 undefined on input line 238.


LaTeX Warning: Citation `29' on page 9 undefined on input line 238.


LaTeX Warning: Citation `30' on page 9 undefined on input line 238.


Underfull \hbox (badness 10000) in paragraph at lines 232--239

 []


Underfull \hbox (badness 10000) in paragraph at lines 232--239

 []

[9]
Underfull \hbox (badness 10000) in paragraph at lines 242--244

 []

[10]
Chapter 3.

LaTeX Warning: File `Y6UAV1-removebg-preview.png' not found on input line 276.


! Package pdftex.def Error: File `Y6UAV1-removebg-preview.png' not found: using
 draft setting.

See the pdftex.def package documentation for explanation.
Type  H <return>  for immediate help.
 ...                                              
                                                  
l.276 ...8\linewidth]{Y6UAV1-removebg-preview.png}
                                                  
Try typing  <return>  to proceed.
If that doesn't work, type  X <return>  to quit.


LaTeX Warning: `!h' float specifier changed to `!ht'.


LaTeX Warning: Citation `6' on page 11 undefined on input line 283.


LaTeX Warning: Citation `9' on page 11 undefined on input line 283.


LaTeX Warning: Citation `14' on page 11 undefined on input line 283.


LaTeX Warning: Citation `12' on page 11 undefined on input line 283.

[11

] [12]

LaTeX Warning: File `UAVwithFrames.png' not found on input line 287.


! Package pdftex.def Error: File `UAVwithFrames.png' not found: using draft set
ting.

See the pdftex.def package documentation for explanation.
Type  H <return>  for immediate help.
 ...                                              
                                                  
l.287 ...s[width=0.7\linewidth]{UAVwithFrames.png}
                                                  
Try typing  <return>  to proceed.
If that doesn't work, type  X <return>  to quit.


LaTeX Warning: Citation `5' on page 13 undefined on input line 294.


Underfull \hbox (badness 10000) in paragraph at lines 292--297

 []


Underfull \hbox (badness 10000) in paragraph at lines 292--297

 []


LaTeX Warning: Citation `6' on page 13 undefined on input line 300.


LaTeX Warning: Citation `8' on page 13 undefined on input line 300.


LaTeX Warning: Citation `1' on page 13 undefined on input line 300.


Underfull \vbox (badness 10000) has occurred while \output is active []

 [13]

LaTeX Warning: Citation `2' on page 14 undefined on input line 309.


LaTeX Warning: Citation `1' on page 14 undefined on input line 309.


LaTeX Warning: Citation `2' on page 14 undefined on input line 309.


LaTeX Warning: Citation `8' on page 14 undefined on input line 309.


Underfull \hbox (badness 10000) in paragraph at lines 309--313

 []


Underfull \hbox (badness 10000) in paragraph at lines 309--313

 []


Underfull \hbox (badness 10000) in paragraph at lines 320--323

 []


Underfull \hbox (badness 10000) in paragraph at lines 330--335

 []

[14]
Underfull \hbox (badness 10000) in paragraph at lines 342--345

 []


LaTeX Warning: Citation `1' on page 15 undefined on input line 355.


LaTeX Warning: Citation `2' on page 15 undefined on input line 355.


LaTeX Warning: Citation `4' on page 15 undefined on input line 355.


LaTeX Warning: Citation `1' on page 15 undefined on input line 357.


LaTeX Warning: Citation `2' on page 15 undefined on input line 357.


Underfull \hbox (badness 10000) in paragraph at lines 352--359

 []


Underfull \hbox (badness 10000) in paragraph at lines 352--359

 []


Underfull \hbox (badness 10000) in paragraph at lines 366--368

 []


Underfull \hbox (badness 10000) in paragraph at lines 375--377

 []

[15]

LaTeX Warning: Citation `1' on page 16 undefined on input line 388.


LaTeX Warning: Citation `2' on page 16 undefined on input line 388.


LaTeX Warning: Citation `3' on page 16 undefined on input line 388.


LaTeX Warning: Citation `4' on page 16 undefined on input line 388.


LaTeX Warning: Citation `5' on page 16 undefined on input line 388.


LaTeX Warning: Citation `6' on page 16 undefined on input line 388.


LaTeX Warning: Citation `7' on page 16 undefined on input line 388.


LaTeX Warning: Citation `8' on page 16 undefined on input line 388.


LaTeX Warning: Citation `9' on page 16 undefined on input line 388.


Underfull \hbox (badness 10000) in paragraph at lines 387--390

 []


LaTeX Warning: Citation `1' on page 16 undefined on input line 404.


LaTeX Warning: Citation `4' on page 16 undefined on input line 404.


Underfull \hbox (badness 10000) in paragraph at lines 400--406

 []


Underfull \hbox (badness 10000) in paragraph at lines 413--417

 []


Underfull \hbox (badness 10000) in paragraph at lines 423--425

 []

[16]
Underfull \hbox (badness 10000) in paragraph at lines 425--431

 []


LaTeX Warning: Citation `6' on page 17 undefined on input line 433.


LaTeX Warning: Citation `9' on page 17 undefined on input line 433.


Underfull \hbox (badness 10000) in paragraph at lines 437--441

 []


Overfull \hbox (40.1922pt too wide) detected at line 477
[]\OML/ztmcm/m/it/12 M [] \OT1/ztmcm/m/n/12 = \OML/ztmcm/m/it/12 M [] \OMS/ztmc
m/m/n/12   [] []   [] []
 []


Underfull \vbox (badness 5091) has occurred while \output is active []

 [17]
Underfull \hbox (badness 10000) in paragraph at lines 478--483

 []


Overfull \hbox (52.75053pt too wide) detected at line 519
[]\OML/ztmcm/m/it/12 M [] \OT1/ztmcm/m/n/12 = \OML/ztmcm/m/it/12 M [] \OMS/ztmc
m/m/n/12   [] []   [] []
 []


Underfull \hbox (badness 10000) in paragraph at lines 519--522

 []


LaTeX Warning: File `UAVBodyFrame.png' not found on input line 587.


! Package pdftex.def Error: File `UAVBodyFrame.png' not found: using draft sett
ing.

See the pdftex.def package documentation for explanation.
Type  H <return>  for immediate help.
 ...                                              
                                                  
l.587 ...cs[width=0.6\linewidth]{UAVBodyFrame.png}
                                                  
Try typing  <return>  to proceed.
If that doesn't work, type  X <return>  to quit.

[18]

LaTeX Warning: Citation `10' on page 19 undefined on input line 592.


Underfull \hbox (badness 10000) in paragraph at lines 592--594

 []


LaTeX Warning: Citation `10' on page 19 undefined on input line 604.


LaTeX Warning: Citation `10' on page 19 undefined on input line 606.

[19]

LaTeX Warning: File `BLDC.png' not found on input line 612.


! Package pdftex.def Error: File `BLDC.png' not found: using draft setting.

See the pdftex.def package documentation for explanation.
Type  H <return>  for immediate help.
 ...                                              
                                                  
l.612 ...degraphics[width=0.5\linewidth]{BLDC.png}
                                                  
Try typing  <return>  to proceed.
If that doesn't work, type  X <return>  to quit.


LaTeX Warning: File `TestStand1.jpg' not found on input line 619.


! Package pdftex.def Error: File `TestStand1.jpg' not found: using draft settin
g.

See the pdftex.def package documentation for explanation.
Type  H <return>  for immediate help.
 ...                                              
                                                  
l.619 ...hics[width=0.7\linewidth]{TestStand1.jpg}
                                                  
Try typing  <return>  to proceed.
If that doesn't work, type  X <return>  to quit.


LaTeX Warning: `!h' float specifier changed to `!ht'.


LaTeX Warning: Citation `17' on page 20 undefined on input line 624.


LaTeX Warning: Citation `9' on page 20 undefined on input line 626.


LaTeX Warning: Citation `12' on page 20 undefined on input line 626.


LaTeX Warning: Citation `15' on page 20 undefined on input line 626.


LaTeX Warning: Citation `16' on page 20 undefined on input line 626.


LaTeX Warning: File `InputStepData.png' not found on input line 630.


! Package pdftex.def Error: File `InputStepData.png' not found: using draft set
ting.

See the pdftex.def package documentation for explanation.
Type  H <return>  for immediate help.
 ...                                              
                                                  
l.630 ...s[width=0.7\linewidth]{InputStepData.png}
                                                  
Try typing  <return>  to proceed.
If that doesn't work, type  X <return>  to quit.


Underfull \hbox (badness 10000) in paragraph at lines 624--637

 []


Underfull \hbox (badness 10000) in paragraph at lines 624--637

 []

[20]

LaTeX Warning: `!h' float specifier changed to `!ht'.


LaTeX Warning: File `ModelStep.png' not found on input line 647.


! Package pdftex.def Error: File `ModelStep.png' not found: using draft setting
.

See the pdftex.def package documentation for explanation.
Type  H <return>  for immediate help.
 ...                                              
                                                  
l.647 ...phics[width=0.7\linewidth]{ModelStep.png}
                                                  
Try typing  <return>  to proceed.
If that doesn't work, type  X <return>  to quit.

[21]

LaTeX Warning: `!h' float specifier changed to `!ht'.


LaTeX Warning: Citation `14' on page 22 undefined on input line 659.


LaTeX Warning: File `ThrustData.png' not found on input line 663.


! Package pdftex.def Error: File `ThrustData.png' not found: using draft settin
g.

See the pdftex.def package documentation for explanation.
Type  H <return>  for immediate help.
 ...                                              
                                                  
l.663 ...hics[width=0.7\linewidth]{ThrustData.png}
                                                  
Try typing  <return>  to proceed.
If that doesn't work, type  X <return>  to quit.


LaTeX Warning: `!h' float specifier changed to `!ht'.


LaTeX Warning: File `TorqueData.png' not found on input line 670.


! Package pdftex.def Error: File `TorqueData.png' not found: using draft settin
g.

See the pdftex.def package documentation for explanation.
Type  H <return>  for immediate help.
 ...                                              
                                                  
l.670 ...hics[width=0.7\linewidth]{TorqueData.png}
                                                  
Try typing  <return>  to proceed.
If that doesn't work, type  X <return>  to quit.


LaTeX Warning: `!h' float specifier changed to `!ht'.

[22]
Underfull \hbox (badness 10000) in paragraph at lines 679--683

 []


Overfull \hbox (54.74863pt too wide) detected at line 719
\OML/ztmcm/m/it/12 M [] \OT1/ztmcm/m/n/12 = \OML/ztmcm/m/it/12 M [] \OMS/ztmcm/
m/n/12   [] []   [] []
 []


Underfull \hbox (badness 10000) in paragraph at lines 719--723

 []

[23]
Underfull \hbox (badness 10000) in paragraph at lines 777--781

 []

[24] [25]

LaTeX Warning: Citation `11' on page 26 undefined on input line 804.


LaTeX Warning: Citation `11' on page 26 undefined on input line 804.


LaTeX Warning: Citation `18' on page 26 undefined on input line 804.


Underfull \hbox (badness 10000) in paragraph at lines 876--880

 []

[26] [27]

LaTeX Warning: Citation `11' on page 28 undefined on input line 942.


Underfull \hbox (badness 10000) in paragraph at lines 941--946

 []


Underfull \hbox (badness 10000) in paragraph at lines 948--950

 []


Underfull \hbox (badness 10000) in paragraph at lines 952--959

 []


Overfull \hbox (47.44379pt too wide) detected at line 976
[] []
 []


Underfull \vbox (badness 10000) has occurred while \output is active []

 [28]
[29] [30]
Overfull \hbox (3.96428pt too wide) in paragraph at lines 1021--1021
[]\T1/ptm/m/n/12 Character| 
 []


Overfull \hbox (40.27582pt too wide) in paragraph at lines 1017--1045
 [][] 
 []

[31]
Chapter 4.

LaTeX Warning: Citation `18' on page 32 undefined on input line 1072.


Underfull \vbox (badness 1946) has occurred while \output is active []

 [32

]

LaTeX Warning: File `DiscreteSystemPoles.png' not found on input line 1109.


! Package pdftex.def Error: File `DiscreteSystemPoles.png' not found: using dra
ft setting.

See the pdftex.def package documentation for explanation.
Type  H <return>  for immediate help.
 ...                                              
                                                  
l.1109 ...=0.8\linewidth]{DiscreteSystemPoles.png}
                                                  
Try typing  <return>  to proceed.
If that doesn't work, type  X <return>  to quit.

[33]

LaTeX Warning: Citation `13' on page 34 undefined on input line 1114.


LaTeX Warning: Citation `18' on page 34 undefined on input line 1114.


LaTeX Warning: Citation `13' on page 34 undefined on input line 1116.


LaTeX Warning: Citation `18' on page 34 undefined on input line 1116.


LaTeX Warning: Citation `13' on page 34 undefined on input line 1118.

[34]

LaTeX Warning: Citation `13' on page 35 undefined on input line 1124.


LaTeX Warning: Citation `18' on page 35 undefined on input line 1124.


LaTeX Warning: Citation `13' on page 35 undefined on input line 1124.


LaTeX Warning: Citation `18' on page 35 undefined on input line 1130.


LaTeX Warning: Citation `25' on page 35 undefined on input line 1130.

[35]
Underfull \hbox (badness 10000) in paragraph at lines 1154--1157

 []


LaTeX Warning: Citation `18' on page 36 undefined on input line 1183.


Underfull \hbox (badness 10000) in paragraph at lines 1194--1200

 []

[36]

LaTeX Warning: Citation `18' on page 37 undefined on input line 1212.


LaTeX Warning: Citation `18' on page 37 undefined on input line 1232.


LaTeX Warning: Citation `19' on page 37 undefined on input line 1232.


LaTeX Warning: Citation `20' on page 37 undefined on input line 1232.


LaTeX Warning: Citation `25' on page 37 undefined on input line 1232.

[37]

LaTeX Warning: Citation `25' on page 38 undefined on input line 1244.


LaTeX Warning: Citation `18' on page 38 undefined on input line 1254.


LaTeX Warning: Citation `25' on page 38 undefined on input line 1254.

[38]
Underfull \hbox (badness 10000) in paragraph at lines 1290--1292

 []


LaTeX Warning: Citation `19' on page 39 undefined on input line 1313.


LaTeX Warning: File `LQRSimulink.png' not found on input line 1335.


! Package pdftex.def Error: File `LQRSimulink.png' not found: using draft setti
ng.

See the pdftex.def package documentation for explanation.
Type  H <return>  for immediate help.
 ...                                              
                                                  
l.1335 ...hics[width=1\linewidth]{LQRSimulink.png}
                                                  
Try typing  <return>  to proceed.
If that doesn't work, type  X <return>  to quit.


LaTeX Warning: `!h' float specifier changed to `!ht'.


LaTeX Warning: Citation `18' on page 39 undefined on input line 1342.


LaTeX Warning: Citation `21' on page 39 undefined on input line 1342.


LaTeX Warning: Citation `22' on page 39 undefined on input line 1342.


LaTeX Warning: Citation `23' on page 39 undefined on input line 1342.


LaTeX Warning: Citation `24' on page 39 undefined on input line 1342.


Underfull \hbox (badness 10000) in paragraph at lines 1342--1345

 []

[39] [40]

LaTeX Warning: Citation `18' on page 41 undefined on input line 1356.


LaTeX Warning: Citation `18' on page 41 undefined on input line 1370.


Underfull \hbox (badness 10000) in paragraph at lines 1368--1372

 []

[41]

LaTeX Warning: Citation `18' on page 42 undefined on input line 1419.


LaTeX Warning: Citation `21' on page 42 undefined on input line 1419.


LaTeX Warning: Citation `21' on page 42 undefined on input line 1430.


LaTeX Warning: Citation `22' on page 42 undefined on input line 1430.

[42]

LaTeX Warning: File `ModKFerror.png' not found on input line 1442.


! Package pdftex.def Error: File `ModKFerror.png' not found: using draft settin
g.

See the pdftex.def package documentation for explanation.
Type  H <return>  for immediate help.
 ...                                              
                                                  
l.1442 ...phics[width=1\textwidth]{ModKFerror.png}
                                                  	
Try typing  <return>  to proceed.
If that doesn't work, type  X <return>  to quit.


LaTeX Warning: File `ModEKFerror.png' not found on input line 1448.


! Package pdftex.def Error: File `ModEKFerror.png' not found: using draft setti
ng.

See the pdftex.def package documentation for explanation.
Type  H <return>  for immediate help.
 ...                                              
                                                  
l.1448 ...hics[width=1\textwidth]{ModEKFerror.png}
                                                  
Try typing  <return>  to proceed.
If that doesn't work, type  X <return>  to quit.


Underfull \hbox (badness 10000) in paragraph at lines 1456--1458

 []


Underfull \hbox (badness 10000) in paragraph at lines 1456--1458

 []

[43]
Underfull \hbox (badness 10000) in paragraph at lines 1465--1465
[]\T1/ptm/m/n/12 Overshoot
 []


Underfull \hbox (badness 10000) in paragraph at lines 1465--1465
[]\T1/ptm/m/n/12 Settling
 []


Underfull \hbox (badness 7685) in paragraph at lines 1465--1465
[]\T1/ptm/m/n/12 Rise Time
 []


Underfull \hbox (badness 10000) in paragraph at lines 1465--1466
[]\T1/ptm/m/n/12 Steady
 []


LaTeX Warning: File `DiscreteSystemPoles2.png' not found on input line 1481.


! Package pdftex.def Error: File `DiscreteSystemPoles2.png' not found: using dr
aft setting.

See the pdftex.def package documentation for explanation.
Type  H <return>  for immediate help.
 ...                                              
                                                  
l.1481 ...h=1\linewidth]{DiscreteSystemPoles2.png}
                                                  
Try typing  <return>  to proceed.
If that doesn't work, type  X <return>  to quit.


LaTeX Warning: File `LQGEKFInputs.png' not found on input line 1487.


! Package pdftex.def Error: File `LQGEKFInputs.png' not found: using draft sett
ing.

See the pdftex.def package documentation for explanation.
Type  H <return>  for immediate help.
 ...                                              
                                                  
l.1487 ...ics[width=1\textwidth]{LQGEKFInputs.png}
                                                  	
Try typing  <return>  to proceed.
If that doesn't work, type  X <return>  to quit.


LaTeX Warning: Float too large for page by 178.98665pt on input line 1491.


LaTeX Warning: `!h' float specifier changed to `!ht'.


LaTeX Warning: File `ModEKFestOutputs.png' not found on input line 1497.


! Package pdftex.def Error: File `ModEKFestOutputs.png' not found: using draft 
setting.

See the pdftex.def package documentation for explanation.
Type  H <return>  for immediate help.
 ...                                              
                                                  
l.1497 ...width=1\textwidth]{ModEKFestOutputs.png}
                                                  
Try typing  <return>  to proceed.
If that doesn't work, type  X <return>  to quit.


LaTeX Warning: File `ModEKFrealOutputs.png' not found on input line 1503.


! Package pdftex.def Error: File `ModEKFrealOutputs.png' not found: using draft
 setting.

See the pdftex.def package documentation for explanation.
Type  H <return>  for immediate help.
 ...                                              
                                                  
l.1503 ...idth=1\textwidth]{ModEKFrealOutputs.png}
                                                  
Try typing  <return>  to proceed.
If that doesn't work, type  X <return>  to quit.


LaTeX Warning: Float too large for page by 178.98665pt on input line 1507.


LaTeX Warning: `!h' float specifier changed to `!ht'.

[44]

LaTeX Warning: File `LQGInputConstraintViolation.png' not found on input line 1
519.


! Package pdftex.def Error: File `LQGInputConstraintViolation.png' not found: u
sing draft setting.

See the pdftex.def package documentation for explanation.
Type  H <return>  for immediate help.
 ...                                              
                                                  
l.1519 ...twidth]{LQGInputConstraintViolation.png}
                                                  
Try typing  <return>  to proceed.
If that doesn't work, type  X <return>  to quit.


LaTeX Warning: File `LQGOutputConstraintViolation.png' not found on input line 
1525.


! Package pdftex.def Error: File `LQGOutputConstraintViolation.png' not found: 
using draft setting.

See the pdftex.def package documentation for explanation.
Type  H <return>  for immediate help.
 ...                                              
                                                  
l.1525 ...width]{LQGOutputConstraintViolation.png}
                                                  
Try typing  <return>  to proceed.
If that doesn't work, type  X <return>  to quit.


LaTeX Warning: `!h' float specifier changed to `!ht'.


LaTeX Warning: Citation `26' on page 45 undefined on input line 1537.


LaTeX Warning: Citation `25' on page 45 undefined on input line 1547.


LaTeX Warning: Citation `26' on page 45 undefined on input line 1547.


LaTeX Warning: Citation `27' on page 45 undefined on input line 1547.


Overfull \hbox (29.53952pt too wide) detected at line 1584
[][]\OT1/ztmcm/m/n/12 (\OML/ztmcm/m/it/12 k\OT1/ztmcm/m/n/12 ) = [] \OML/ztmcm/
m/it/12 ; []\OT1/ztmcm/m/n/12 (\OML/ztmcm/m/it/12 k\OT1/ztmcm/m/n/12 ) = [] \OM
L/ztmcm/m/it/12 ; F \OT1/ztmcm/m/n/12 = [] \OML/ztmcm/m/it/12 ; G \OT1/ztmcm/m/
n/12 = []
 []

[45]

LaTeX Warning: Citation `25' on page 46 undefined on input line 1616.


LaTeX Warning: Citation `26' on page 46 undefined on input line 1616.


LaTeX Warning: Citation `27' on page 46 undefined on input line 1616.

[46]

LaTeX Warning: Citation `25' on page 47 undefined on input line 1620.


LaTeX Warning: Citation `26' on page 47 undefined on input line 1620.


Overfull \hbox (35.41359pt too wide) detected at line 1625
[]\OML/ztmcm/m/it/12 min[]V[]\OT1/ztmcm/m/n/12 (\OML/ztmcm/m/it/12 X\OT1/ztmcm/
m/n/12 (0)\OML/ztmcm/m/it/12 ; []\OT1/ztmcm/m/n/12 ) = [][\OML/ztmcm/m/it/12 X[
]\OT1/ztmcm/m/n/12 (\OML/ztmcm/m/it/12 k \OT1/ztmcm/m/n/12 + \OML/ztmcm/m/it/12
 i\OMS/ztmcm/m/n/12 j\OML/ztmcm/m/it/12 k\OT1/ztmcm/m/n/12 )\OML/ztmcm/m/it/12 
QX\OT1/ztmcm/m/n/12 (\OML/ztmcm/m/it/12 k \OT1/ztmcm/m/n/12 + \OML/ztmcm/m/it/1
2 i\OMS/ztmcm/m/n/12 j\OML/ztmcm/m/it/12 k\OT1/ztmcm/m/n/12 ) + \OML/ztmcm/m/it
/12 []\OT1/ztmcm/m/n/12 (\OML/ztmcm/m/it/12 k \OT1/ztmcm/m/n/12 + \OML/ztmcm/m
/it/12 i\OMS/ztmcm/m/n/12 j\OML/ztmcm/m/it/12 k\OT1/ztmcm/m/n/12 )\OML/ztmcm/m/
it/12 R\OT1/ztmcm/m/n/12 (\OML/ztmcm/m/it/12 k \OT1/ztmcm/m/n/12 + \OML/ztmcm/
m/it/12 i\OMS/ztmcm/m/n/12 j\OML/ztmcm/m/it/12 k\OT1/ztmcm/m/n/12 )] + \OML/ztm
cm/m/it/12 X[]\OT1/ztmcm/m/n/12 (\OML/ztmcm/m/it/12 k \OT1/ztmcm/m/n/12 + \OML/
ztmcm/m/it/12 N\OMS/ztmcm/m/n/12 j\OML/ztmcm/m/it/12 k\OT1/ztmcm/m/n/12 )\OML/z
tmcm/m/it/12 PX\OT1/ztmcm/m/n/12 (\OML/ztmcm/m/it/12 k \OT1/ztmcm/m/n/12 + \OML
/ztmcm/m/it/12 N\OMS/ztmcm/m/n/12 j\OML/ztmcm/m/it/12 k\OT1/ztmcm/m/n/12 )
 []


Underfull \hbox (badness 10000) in paragraph at lines 1632--1636

 []


LaTeX Warning: Citation `26' on page 47 undefined on input line 1639.


LaTeX Warning: Citation `25' on page 47 undefined on input line 1649.


LaTeX Warning: Citation `26' on page 47 undefined on input line 1649.


LaTeX Warning: Citation `27' on page 47 undefined on input line 1649.

[47]

LaTeX Warning: Citation `26' on page 48 undefined on input line 1657.


LaTeX Warning: File `OMPC.png' not found on input line 1661.


! Package pdftex.def Error: File `OMPC.png' not found: using draft setting.

See the pdftex.def package documentation for explanation.
Type  H <return>  for immediate help.
 ...                                              
                                                  
l.1661 ...egraphics[width=0.8\linewidth]{OMPC.png}
                                                  
Try typing  <return>  to proceed.
If that doesn't work, type  X <return>  to quit.


LaTeX Warning: `!h' float specifier changed to `!ht'.


LaTeX Warning: Citation `26' on page 48 undefined on input line 1678.


LaTeX Warning: Citation `27' on page 48 undefined on input line 1678.


LaTeX Warning: File `OMPC2.png' not found on input line 1684.


! Package pdftex.def Error: File `OMPC2.png' not found: using draft setting.

See the pdftex.def package documentation for explanation.
Type  H <return>  for immediate help.
 ...                                              
                                                  
l.1684 ...graphics[width=0.8\linewidth]{OMPC2.png}
                                                  
Try typing  <return>  to proceed.
If that doesn't work, type  X <return>  to quit.


LaTeX Warning: `!h' float specifier changed to `!ht'.


LaTeX Warning: Citation `26' on page 48 undefined on input line 1699.

[48]
Underfull \hbox (badness 10000) in paragraph at lines 1710--1710
[]\T1/ptm/m/n/12 Overshoot
 []


Underfull \hbox (badness 10000) in paragraph at lines 1710--1710
[]\T1/ptm/m/n/12 Settling
 []


Underfull \hbox (badness 7685) in paragraph at lines 1710--1710
[]\T1/ptm/m/n/12 Rise Time
 []


Underfull \hbox (badness 10000) in paragraph at lines 1710--1711
[]\T1/ptm/m/n/12 Steady
 []


LaTeX Warning: File `LQMPCInputs.png' not found on input line 1726.


! Package pdftex.def Error: File `LQMPCInputs.png' not found: using draft setti
ng.

See the pdftex.def package documentation for explanation.
Type  H <return>  for immediate help.
 ...                                              
                                                  
l.1726 ...hics[width=1\textwidth]{LQMPCInputs.png}
                                                  
Try typing  <return>  to proceed.
If that doesn't work, type  X <return>  to quit.


LaTeX Warning: File `LQMPCPerturbations.png' not found on input line 1732.


! Package pdftex.def Error: File `LQMPCPerturbations.png' not found: using draf
t setting.

See the pdftex.def package documentation for explanation.
Type  H <return>  for immediate help.
 ...                                              
                                                  
l.1732 ...dth=1\textwidth]{LQMPCPerturbations.png}
                                                  
Try typing  <return>  to proceed.
If that doesn't work, type  X <return>  to quit.


LaTeX Warning: `!h' float specifier changed to `!ht'.


LaTeX Warning: File `LQMPCestOutputs.png' not found on input line 1742.


! Package pdftex.def Error: File `LQMPCestOutputs.png' not found: using draft s
etting.

See the pdftex.def package documentation for explanation.
Type  H <return>  for immediate help.
 ...                                              
                                                  
l.1742 ...[width=1\textwidth]{LQMPCestOutputs.png}
                                                  
Try typing  <return>  to proceed.
If that doesn't work, type  X <return>  to quit.


LaTeX Warning: File `LQMPCrealOutputs.png' not found on input line 1748.


! Package pdftex.def Error: File `LQMPCrealOutputs.png' not found: using draft 
setting.

See the pdftex.def package documentation for explanation.
Type  H <return>  for immediate help.
 ...                                              
                                                  
l.1748 ...width=1\textwidth]{LQMPCrealOutputs.png}
                                                  
Try typing  <return>  to proceed.
If that doesn't work, type  X <return>  to quit.


LaTeX Warning: `!h' float specifier changed to `!ht'.

[49] [50] [51] [52] [53] [54] [55]
Chapter 5.

LaTeX Warning: File `beagle-bone-blue-annotated.png' not found on input line 17
97.


! Package pdftex.def Error: File `beagle-bone-blue-annotated.png' not found: us
ing draft setting.

See the pdftex.def package documentation for explanation.
Type  H <return>  for immediate help.
 ...                                              
                                                  
l.1797 ...newidth]{beagle-bone-blue-annotated.png}
                                                  
Try typing  <return>  to proceed.
If that doesn't work, type  X <return>  to quit.

[56

]
Underfull \hbox (badness 10000) in paragraph at lines 1802--1808

 []

[57]
Underfull \hbox (badness 10000) in paragraph at lines 1819--1821

 []


LaTeX Warning: Citation `20' on page 58 undefined on input line 1832.


LaTeX Warning: Citation `29' on page 58 undefined on input line 1832.


LaTeX Warning: Citation `20' on page 58 undefined on input line 1834.


LaTeX Warning: Citation `29' on page 58 undefined on input line 1834.


LaTeX Warning: Citation `29' on page 58 undefined on input line 1836.

[58]

LaTeX Warning: File `ImplementationStructure.png' not found on input line 1848.



! Package pdftex.def Error: File `ImplementationStructure.png' not found: using
 draft setting.

See the pdftex.def package documentation for explanation.
Type  H <return>  for immediate help.
 ...                                              
                                                  
l.1848 ...\linewidth]{ImplementationStructure.png}
                                                  
Try typing  <return>  to proceed.
If that doesn't work, type  X <return>  to quit.


LaTeX Warning: Citation `31' on page 59 undefined on input line 1853.


Underfull \hbox (badness 10000) in paragraph at lines 1853--1856

 []

[59]
Underfull \hbox (badness 10000) in paragraph at lines 1866--1870

 []


LaTeX Warning: Citation `20' on page 60 undefined on input line 1874.


LaTeX Warning: Citation `30' on page 60 undefined on input line 1883.


LaTeX Warning: Citation `30' on page 60 undefined on input line 1885.


LaTeX Warning: Citation `31' on page 60 undefined on input line 1889.


Underfull \hbox (badness 10000) in paragraph at lines 1883--1891

 []

[60]
Underfull \hbox (badness 10000) in paragraph at lines 1905--1907

 []


LaTeX Warning: File `LQG-UML-Implementation.png' not found on input line 1910.


! Package pdftex.def Error: File `LQG-UML-Implementation.png' not found: using 
draft setting.

See the pdftex.def package documentation for explanation.
Type  H <return>  for immediate help.
 ...                                              
                                                  
l.1910 ...1\linewidth]{LQG-UML-Implementation.png}
                                                  
Try typing  <return>  to proceed.
If that doesn't work, type  X <return>  to quit.


LaTeX Warning: `!h' float specifier changed to `!ht'.

[61] [62]
Overfull \hbox (3.96428pt too wide) in paragraph at lines 1936--1936
[]\T1/ptm/m/n/12 Character| 
 []


Overfull \hbox (38.27582pt too wide) in paragraph at lines 1932--1944
 [][] 
 []

[63]
Chapter 6.
[64

]
No file "Project Spearhead Modelling and Control".bbl.
pdfTeX warning (ext4): destination with the same identifier (name{page.i}) has 
been already used, duplicate ignored
<to be read again> 
                   \relax 
l.1986 		\newpage
                  [1

]

! Package pdfpages Error: Cannot find file `Gantt'.

See the pdfpages package documentation for explanation.
Type  H <return>  for immediate help.
 ...                                              
                                                  
l.1990 ...=1,pagecommand={},offset=0cm 0cm]{Gantt}
                                                  
This error message was generated by an \errmessage
command, so I can't give any explicit help.
Pretend that you're Hercule Poirot: Examine all clues,
and deduce the truth by order and method.


! Package pdfpages Error: Cannot find file `1'.

See the pdfpages package documentation for explanation.
Type  H <return>  for immediate help.
 ...                                              
                                                  
l.1990 ...=1,pagecommand={},offset=0cm 0cm]{Gantt}
                                                  
(That was another \errmessage.)


! Package pdftex.def Error: File `\AM@currentdocname .pdf' not found: using dra
ft setting.

See the pdftex.def package documentation for explanation.
Type  H <return>  for immediate help.
 ...                                              
                                                  
l.1990 ...=1,pagecommand={},offset=0cm 0cm]{Gantt}
                                                  
Try typing  <return>  to proceed.
If that doesn't work, type  X <return>  to quit.


! Package pdftex.def Error: File `\AM@currentdocname .pdf' not found: using dra
ft setting.

See the pdftex.def package documentation for explanation.
Type  H <return>  for immediate help.
 ...                                              
                                                  
l.1990 ...=1,pagecommand={},offset=0cm 0cm]{Gantt}
                                                  
Try typing  <return>  to proceed.
If that doesn't work, type  X <return>  to quit.


! Package pdftex.def Error: File `\AM@currentdocname .pdf' not found: using dra
ft setting.

See the pdftex.def package documentation for explanation.
Type  H <return>  for immediate help.
 ...                                              
                                                  
l.1990 ...=1,pagecommand={},offset=0cm 0cm]{Gantt}
                                                  
Try typing  <return>  to proceed.
If that doesn't work, type  X <return>  to quit.


! Package pdftex.def Error: File `\AM@currentdocname .pdf' not found: using dra
ft setting.

See the pdftex.def package documentation for explanation.
Type  H <return>  for immediate help.
 ...                                              
                                                  
l.1990 ...=1,pagecommand={},offset=0cm 0cm]{Gantt}
                                                  
Try typing  <return>  to proceed.
If that doesn't work, type  X <return>  to quit.

! Undefined control sequence.
<argument> \AM@currentdocname 
                              
l.1995 			\newpage
                  
The control sequence at the end of the top line
of your error message was never \def'ed. If you have
misspelled it (e.g., `\hobx'), type `I' and the correct
spelling (e.g., `I\hbox'). Otherwise just continue,
and I'll forget about whatever was undefined.


! Undefined control sequence.
 ...essage  LaTeX Error: File `\AM@currentdocname 
                                                  ' not found.

See the LaTe...
l.1995 			\newpage
                  
The control sequence at the end of the top line
of your error message was never \def'ed. If you have
misspelled it (e.g., `\hobx'), type `I' and the correct
spelling (e.g., `I\hbox'). Otherwise just continue,
and I'll forget about whatever was undefined.

! LaTeX Error: File `' not found.

See the LaTeX manual or LaTeX Companion for explanation.
Type  H <return>  for immediate help.
 ...                                              
                                                  
l.1995 			\newpage
                  
I could not locate the file with any of these extensions:
.pdf,.png,.jpg,.mps,.jpeg,.jbig2,.jb2,.PDF,.PNG,.JPG,.JPEG,.JBIG2,.JB2,.eps
Try typing  <return>  to proceed.
If that doesn't work, type  X <return>  to quit.

pdfTeX warning (ext4): destination with the same identifier (name{page.ii}) has
 been already used, duplicate ignored
<to be read again> 
                   \relax 
l.1995 			\newpage
                   [2]

! Package pdfpages Error: Cannot find file `Gantt'.

See the pdfpages package documentation for explanation.
Type  H <return>  for immediate help.
 ...                                              
                                                  
l.1999 ...=2,pagecommand={},offset=0cm 0cm]{Gantt}
                                                  
(That was another \errmessage.)


! Package pdfpages Error: Cannot find file `2'.

See the pdfpages package documentation for explanation.
Type  H <return>  for immediate help.
 ...                                              
                                                  
l.1999 ...=2,pagecommand={},offset=0cm 0cm]{Gantt}
                                                  
(That was another \errmessage.)


! Package pdftex.def Error: File `\AM@currentdocname .pdf' not found: using dra
ft setting.

See the pdftex.def package documentation for explanation.
Type  H <return>  for immediate help.
 ...                                              
                                                  
l.1999 ...=2,pagecommand={},offset=0cm 0cm]{Gantt}
                                                  
Try typing  <return>  to proceed.
If that doesn't work, type  X <return>  to quit.


! Package pdftex.def Error: File `\AM@currentdocname .pdf' not found: using dra
ft setting.

See the pdftex.def package documentation for explanation.
Type  H <return>  for immediate help.
 ...                                              
                                                  
l.1999 ...=2,pagecommand={},offset=0cm 0cm]{Gantt}
                                                  
Try typing  <return>  to proceed.
If that doesn't work, type  X <return>  to quit.


! Package pdftex.def Error: File `\AM@currentdocname .pdf' not found: using dra
ft setting.

See the pdftex.def package documentation for explanation.
Type  H <return>  for immediate help.
 ...                                              
                                                  
l.1999 ...=2,pagecommand={},offset=0cm 0cm]{Gantt}
                                                  
Try typing  <return>  to proceed.
If that doesn't work, type  X <return>  to quit.


! Package pdftex.def Error: File `\AM@currentdocname .pdf' not found: using dra
ft setting.

See the pdftex.def package documentation for explanation.
Type  H <return>  for immediate help.
 ...                                              
                                                  
l.1999 ...=2,pagecommand={},offset=0cm 0cm]{Gantt}
                                                  
Try typing  <return>  to proceed.
If that doesn't work, type  X <return>  to quit.

! Undefined control sequence.
<argument> \AM@currentdocname 
                              
l.2004 			\newpage
                  
The control sequence at the end of the top line
of your error message was never \def'ed. If you have
misspelled it (e.g., `\hobx'), type `I' and the correct
spelling (e.g., `I\hbox'). Otherwise just continue,
and I'll forget about whatever was undefined.


! Undefined control sequence.
 ...essage  LaTeX Error: File `\AM@currentdocname 
                                                  ' not found.

See the LaTe...
l.2004 			\newpage
                  
The control sequence at the end of the top line
of your error message was never \def'ed. If you have
misspelled it (e.g., `\hobx'), type `I' and the correct
spelling (e.g., `I\hbox'). Otherwise just continue,
and I'll forget about whatever was undefined.

! LaTeX Error: File `' not found.

See the LaTeX manual or LaTeX Companion for explanation.
Type  H <return>  for immediate help.
 ...                                              
                                                  
l.2004 			\newpage
                  
I could not locate the file with any of these extensions:
.pdf,.png,.jpg,.mps,.jpeg,.jbig2,.jb2,.PDF,.PNG,.JPG,.JPEG,.JBIG2,.JB2,.eps
Try typing  <return>  to proceed.
If that doesn't work, type  X <return>  to quit.

pdfTeX warning (ext4): destination with the same identifier (name{page.iii}) ha
s been already used, duplicate ignored
<to be read again> 
                   \relax 
l.2004 			\newpage
                   [3]

! Package pdfpages Error: Cannot find file `Gantt'.

See the pdfpages package documentation for explanation.
Type  H <return>  for immediate help.
 ...                                              
                                                  
l.2008 ...=3,pagecommand={},offset=0cm 0cm]{Gantt}
                                                  
(That was another \errmessage.)


! Package pdfpages Error: Cannot find file `3'.

See the pdfpages package documentation for explanation.
Type  H <return>  for immediate help.
 ...                                              
                                                  
l.2008 ...=3,pagecommand={},offset=0cm 0cm]{Gantt}
                                                  
(That was another \errmessage.)


! Package pdftex.def Error: File `\AM@currentdocname .pdf' not found: using dra
ft setting.

See the pdftex.def package documentation for explanation.
Type  H <return>  for immediate help.
 ...                                              
                                                  
l.2008 ...=3,pagecommand={},offset=0cm 0cm]{Gantt}
                                                  
Try typing  <return>  to proceed.
If that doesn't work, type  X <return>  to quit.


! Package pdftex.def Error: File `\AM@currentdocname .pdf' not found: using dra
ft setting.

See the pdftex.def package documentation for explanation.
Type  H <return>  for immediate help.
 ...                                              
                                                  
l.2008 ...=3,pagecommand={},offset=0cm 0cm]{Gantt}
                                                  
Try typing  <return>  to proceed.
If that doesn't work, type  X <return>  to quit.


! Package pdftex.def Error: File `\AM@currentdocname .pdf' not found: using dra
ft setting.

See the pdftex.def package documentation for explanation.
Type  H <return>  for immediate help.
 ...                                              
                                                  
l.2008 ...=3,pagecommand={},offset=0cm 0cm]{Gantt}
                                                  
Try typing  <return>  to proceed.
If that doesn't work, type  X <return>  to quit.


! Package pdftex.def Error: File `\AM@currentdocname .pdf' not found: using dra
ft setting.

See the pdftex.def package documentation for explanation.
Type  H <return>  for immediate help.
 ...                                              
                                                  
l.2008 ...=3,pagecommand={},offset=0cm 0cm]{Gantt}
                                                  
Try typing  <return>  to proceed.
If that doesn't work, type  X <return>  to quit.

! Undefined control sequence.
<argument> \AM@currentdocname 
                              
l.2013 			\newpage
                  
The control sequence at the end of the top line
of your error message was never \def'ed. If you have
misspelled it (e.g., `\hobx'), type `I' and the correct
spelling (e.g., `I\hbox'). Otherwise just continue,
and I'll forget about whatever was undefined.


! Undefined control sequence.
 ...essage  LaTeX Error: File `\AM@currentdocname 
                                                  ' not found.

See the LaTe...
l.2013 			\newpage
                  
The control sequence at the end of the top line
of your error message was never \def'ed. If you have
misspelled it (e.g., `\hobx'), type `I' and the correct
spelling (e.g., `I\hbox'). Otherwise just continue,
and I'll forget about whatever was undefined.

! LaTeX Error: File `' not found.

See the LaTeX manual or LaTeX Companion for explanation.
Type  H <return>  for immediate help.
 ...                                              
                                                  
l.2013 			\newpage
                  
I could not locate the file with any of these extensions:
.pdf,.png,.jpg,.mps,.jpeg,.jbig2,.jb2,.PDF,.PNG,.JPG,.JPEG,.JBIG2,.JB2,.eps
Try typing  <return>  to proceed.
If that doesn't work, type  X <return>  to quit.

pdfTeX warning (ext4): destination with the same identifier (name{page.iv}) has
 been already used, duplicate ignored
<to be read again> 
                   \relax 
l.2013 			\newpage
                   [4]

! Package pdfpages Error: Cannot find file `Gantt'.

See the pdfpages package documentation for explanation.
Type  H <return>  for immediate help.
 ...                                              
                                                  
l.2017 ...=4,pagecommand={},offset=0cm 0cm]{Gantt}
                                                  
(That was another \errmessage.)


! Package pdfpages Error: Cannot find file `4'.

See the pdfpages package documentation for explanation.
Type  H <return>  for immediate help.
 ...                                              
                                                  
l.2017 ...=4,pagecommand={},offset=0cm 0cm]{Gantt}
                                                  
(That was another \errmessage.)


! Package pdftex.def Error: File `\AM@currentdocname .pdf' not found: using dra
ft setting.

See the pdftex.def package documentation for explanation.
Type  H <return>  for immediate help.
 ...                                              
                                                  
l.2017 ...=4,pagecommand={},offset=0cm 0cm]{Gantt}
                                                  
Try typing  <return>  to proceed.
If that doesn't work, type  X <return>  to quit.


! Package pdftex.def Error: File `\AM@currentdocname .pdf' not found: using dra
ft setting.

See the pdftex.def package documentation for explanation.
Type  H <return>  for immediate help.
 ...                                              
                                                  
l.2017 ...=4,pagecommand={},offset=0cm 0cm]{Gantt}
                                                  
Try typing  <return>  to proceed.
If that doesn't work, type  X <return>  to quit.


! Package pdftex.def Error: File `\AM@currentdocname .pdf' not found: using dra
ft setting.

See the pdftex.def package documentation for explanation.
Type  H <return>  for immediate help.
 ...                                              
                                                  
l.2017 ...=4,pagecommand={},offset=0cm 0cm]{Gantt}
                                                  
Try typing  <return>  to proceed.
If that doesn't work, type  X <return>  to quit.


! Package pdftex.def Error: File `\AM@currentdocname .pdf' not found: using dra
ft setting.

See the pdftex.def package documentation for explanation.
Type  H <return>  for immediate help.
 ...                                              
                                                  
l.2017 ...=4,pagecommand={},offset=0cm 0cm]{Gantt}
                                                  
Try typing  <return>  to proceed.
If that doesn't work, type  X <return>  to quit.

! Undefined control sequence.
<argument> \AM@currentdocname 
                              
l.2022 			\newpage
                  
The control sequence at the end of the top line
of your error message was never \def'ed. If you have
misspelled it (e.g., `\hobx'), type `I' and the correct
spelling (e.g., `I\hbox'). Otherwise just continue,
and I'll forget about whatever was undefined.


! Undefined control sequence.
 ...essage  LaTeX Error: File `\AM@currentdocname 
                                                  ' not found.

See the LaTe...
l.2022 			\newpage
                  
The control sequence at the end of the top line
of your error message was never \def'ed. If you have
misspelled it (e.g., `\hobx'), type `I' and the correct
spelling (e.g., `I\hbox'). Otherwise just continue,
and I'll forget about whatever was undefined.

! LaTeX Error: File `' not found.

See the LaTeX manual or LaTeX Companion for explanation.
Type  H <return>  for immediate help.
 ...                                              
                                                  
l.2022 			\newpage
                  
I could not locate the file with any of these extensions:
.pdf,.png,.jpg,.mps,.jpeg,.jbig2,.jb2,.PDF,.PNG,.JPG,.JPEG,.JBIG2,.JB2,.eps
Try typing  <return>  to proceed.
If that doesn't work, type  X <return>  to quit.

pdfTeX warning (ext4): destination with the same identifier (name{page.v}) has 
been already used, duplicate ignored
<to be read again> 
                   \relax 
l.2022 			\newpage
                   [5]

! Package pdfpages Error: Cannot find file `Gantt'.

See the pdfpages package documentation for explanation.
Type  H <return>  for immediate help.
 ...                                              
                                                  
l.2026 ...=5,pagecommand={},offset=0cm 0cm]{Gantt}
                                                  
(That was another \errmessage.)


! Package pdfpages Error: Cannot find file `5'.

See the pdfpages package documentation for explanation.
Type  H <return>  for immediate help.
 ...                                              
                                                  
l.2026 ...=5,pagecommand={},offset=0cm 0cm]{Gantt}
                                                  
(That was another \errmessage.)


! Package pdftex.def Error: File `\AM@currentdocname .pdf' not found: using dra
ft setting.

See the pdftex.def package documentation for explanation.
Type  H <return>  for immediate help.
 ...                                              
                                                  
l.2026 ...=5,pagecommand={},offset=0cm 0cm]{Gantt}
                                                  
Try typing  <return>  to proceed.
If that doesn't work, type  X <return>  to quit.


! Package pdftex.def Error: File `\AM@currentdocname .pdf' not found: using dra
ft setting.

See the pdftex.def package documentation for explanation.
Type  H <return>  for immediate help.
 ...                                              
                                                  
l.2026 ...=5,pagecommand={},offset=0cm 0cm]{Gantt}
                                                  
Try typing  <return>  to proceed.
If that doesn't work, type  X <return>  to quit.


! Package pdftex.def Error: File `\AM@currentdocname .pdf' not found: using dra
ft setting.

See the pdftex.def package documentation for explanation.
Type  H <return>  for immediate help.
 ...                                              
                                                  
l.2026 ...=5,pagecommand={},offset=0cm 0cm]{Gantt}
                                                  
Try typing  <return>  to proceed.
If that doesn't work, type  X <return>  to quit.


! Package pdftex.def Error: File `\AM@currentdocname .pdf' not found: using dra
ft setting.

See the pdftex.def package documentation for explanation.
Type  H <return>  for immediate help.
 ...                                              
                                                  
l.2026 ...=5,pagecommand={},offset=0cm 0cm]{Gantt}
                                                  
Try typing  <return>  to proceed.
If that doesn't work, type  X <return>  to quit.

! Undefined control sequence.
<argument> \AM@currentdocname 
                              
l.2031 	\chapter
                *{Appendix B: Control Design Parameters}
The control sequence at the end of the top line
of your error message was never \def'ed. If you have
misspelled it (e.g., `\hobx'), type `I' and the correct
spelling (e.g., `I\hbox'). Otherwise just continue,
and I'll forget about whatever was undefined.


! Undefined control sequence.
 ...essage  LaTeX Error: File `\AM@currentdocname 
                                                  ' not found.

See the LaTe...
l.2031 	\chapter
                *{Appendix B: Control Design Parameters}
The control sequence at the end of the top line
of your error message was never \def'ed. If you have
misspelled it (e.g., `\hobx'), type `I' and the correct
spelling (e.g., `I\hbox'). Otherwise just continue,
and I'll forget about whatever was undefined.

! LaTeX Error: File `' not found.

See the LaTeX manual or LaTeX Companion for explanation.
Type  H <return>  for immediate help.
 ...                                              
                                                  
l.2031 	\chapter
                *{Appendix B: Control Design Parameters}
I could not locate the file with any of these extensions:
.pdf,.png,.jpg,.mps,.jpeg,.jbig2,.jb2,.PDF,.PNG,.JPG,.JPEG,.JBIG2,.JB2,.eps
Try typing  <return>  to proceed.
If that doesn't work, type  X <return>  to quit.

pdfTeX warning (ext4): destination with the same identifier (name{page.vi}) has
 been already used, duplicate ignored
<to be read again> 
                   \relax 
l.2031 	\chapter
                *{Appendix B: Control Design Parameters} [6]
Package atveryend Info: Empty hook `BeforeClearDocument' on input line 2054.
pdfTeX warning (ext4): destination with the same identifier (name{page.vii}) ha
s been already used, duplicate ignored
<to be read again> 
                   \relax 
l.2054 \end{document}
                      [7

]
Package atveryend Info: Empty hook `AfterLastShipout' on input line 2054.
 ("Project Spearhead Modelling and Control.aux")
Package atveryend Info: Executing hook `AtVeryEndDocument' on input line 2054.
Package atveryend Info: Executing hook `AtEndAfterFileList' on input line 2054.

Package rerunfilecheck Info: File `"Project Spearhead Modelling and Control".ou
t' has not changed.
(rerunfilecheck)             Checksum: 62113609BD6C2150BA443B0C8A93EB70;4009.


LaTeX Warning: There were undefined references.


LaTeX Warning: There were multiply-defined labels.

Package atveryend Info: Empty hook `AtVeryVeryEnd' on input line 2054.
 ) 
Here is how much of TeX's memory you used:
 19787 strings out of 492895
 347875 string characters out of 3133479
 524113 words of memory out of 3000000
 23123 multiletter control sequences out of 15000+200000
 583103 words of font info for 93 fonts, out of 3000000 for 9000
 1141 hyphenation exceptions out of 8191
 42i,15n,61p,1319b,423s stack positions out of 5000i,500n,10000p,200000b,50000s
{C:/Program Files/MiKTeX 2.9/fonts/enc/dvips/base/8r.enc} <C:\Users\alexd\App
Data\Local\MiKTeX\2.9\fonts/pk/ljfour/jknappen/ec/dpi600\ectt1200.pk><C:/Progra
m Files/MiKTeX 2.9/fonts/type1/public/amsfonts/cm/cmex10.pfb><C:/Program Files/
MiKTeX 2.9/fonts/type1/public/amsfonts/cm/cmmi10.pfb><C:/Program Files/MiKTeX 2
.9/fonts/type1/public/amsfonts/cm/cmr10.pfb><C:/Program Files/MiKTeX 2.9/fonts/
type1/public/amsfonts/cm/cmsy10.pfb><C:/Users/alexd/AppData/Roaming/MiKTeX/2.9/
fonts/type1/urw/symbol/usyr.pfb><C:/Users/alexd/AppData/Roaming/MiKTeX/2.9/font
s/type1/urw/symbol/usyr.pfb><C:/Program Files/MiKTeX 2.9/fonts/type1/urw/times/
utmb8a.pfb><C:/Program Files/MiKTeX 2.9/fonts/type1/urw/times/utmr8a.pfb><C:/Pr
ogram Files/MiKTeX 2.9/fonts/type1/urw/times/utmri8a.pfb>
Output written on "Project Spearhead Modelling and Control.pdf" (78 pages, 3171
83 bytes).
PDF statistics:
 978 PDF objects out of 1000 (max. 8388607)
 293 named destinations out of 1000 (max. 500000)
 481 words of extra memory for PDF output out of 10000 (max. 10000000)

